{"ts":1749320034383,"action":"IDE_DEACTIVATED"}
{"ts":1749320034427,"action":"IDE_ACTIVATED"}
{"ts":1749320034643,"action":"PROJECT_OPENED","tags":{"PROJECT_NAME":"DynDNS14"}}
{"ts":1749320036493,"action":"FILE_OPENED","file":"/src/main/java/de/alex/Main.java","tags":{"FILE_LINE_OF_CODE":"17"}}
{"ts":1749320053154,"action":"IDE_DEACTIVATED"}
{"ts":1749320054829,"action":"IDE_ACTIVATED"}
{"ts":1749320055261,"action":"IDE_DEACTIVATED"}
{"ts":1749320055351,"action":"IDE_ACTIVATED"}
{"ts":1749320055423,"action":"IDE_DEACTIVATED"}
{"ts":1749320066547,"action":"IDE_ACTIVATED"}
{"ts":1749320070302,"action":"IDE_DEACTIVATED"}
{"ts":1749320077304,"action":"IDE_ACTIVATED"}
{"ts":1749320161992,"action":"FILE_CLOSED","file":"/src/main/java/de/alex/Main.java","tags":{"FILE_LINE_OF_CODE":"9"}}
{"ts":1749320162123,"action":"FILE_OPENED","file":"/src/main/java/de/alex/Server.java","tags":{"FILE_LINE_OF_CODE":"5"}}
{"ts":1749320172629,"action":"FILE_CLOSED","file":"/src/main/java/de/alex/Server.java","tags":{"FILE_LINE_OF_CODE":"9"}}
{"ts":1749320172629,"action":"FILE_OPENED","file":"/src/main/java/de/alex/Main.java","tags":{"FILE_LINE_OF_CODE":"9"}}
{"ts":1749320183654,"action":"FILE_CLOSED","file":"/src/main/java/de/alex/Main.java","tags":{"FILE_LINE_OF_CODE":"7"}}
{"ts":1749320183654,"action":"FILE_OPENED","file":"/src/main/java/de/alex/Server.java","tags":{"FILE_LINE_OF_CODE":"9"}}
{"ts":1749320189913,"action":"IDE_DEACTIVATED"}
{"ts":1749320257893,"action":"IDE_ACTIVATED"}
{"ts":1749320338315,"action":"FILE_CLOSED","file":"/src/main/java/de/alex/Server.java","tags":{"FILE_LINE_OF_CODE":"13"}}
{"ts":1749320338315,"action":"FILE_OPENED","file":"/src/main/java/de/alex/Main.java","tags":{"FILE_LINE_OF_CODE":"7"}}
{"ts":1749320494966,"action":"FILE_CLOSED","file":"/src/main/java/de/alex/Main.java","tags":{"FILE_LINE_OF_CODE":"20"}}
{"ts":1749320535849,"action":"FILE_OPENED","file":"/src/main/java/de/alex/Main.java","tags":{"FILE_LINE_OF_CODE":"20"}}
{"ts":1749320633901,"action":"IDE_DEACTIVATED"}
{"ts":1749320666605,"action":"IDE_ACTIVATED"}
{"ts":1749320707101,"action":"IDE_DEACTIVATED"}
{"ts":1749320794424,"action":"IDE_ACTIVATED"}
{"ts":1749320827132,"action":"IDE_DEACTIVATED"}
{"ts":1749320831740,"action":"IDE_ACTIVATED"}
{"ts":1749321025640,"action":"IDE_DEACTIVATED"}
{"ts":1749321032846,"action":"IDE_ACTIVATED"}
{"ts":1749321180509,"action":"IDE_DEACTIVATED"}
{"ts":1749321343510,"action":"IDE_ACTIVATED"}
{"ts":1749321367941,"action":"IDE_DEACTIVATED"}
{"ts":1749321429785,"action":"IDE_ACTIVATED"}
{"ts":1749321614769,"action":"FILE_CLOSED","file":"/src/main/java/de/alex/Main.java","tags":{"FILE_LINE_OF_CODE":"52"}}
{"ts":1749321617256,"action":"FILE_OPENED","file":"/src/main/java/de/alex/Main.java","tags":{"FILE_LINE_OF_CODE":"52"}}
{"ts":1749321689808,"action":"IDE_DEACTIVATED"}
{"ts":1749321704051,"action":"IDE_ACTIVATED"}
{"ts":1749321835746,"action":"IDE_DEACTIVATED"}
{"ts":1749321843400,"action":"IDE_ACTIVATED"}
{"ts":1749321856106,"action":"IDE_DEACTIVATED"}
{"ts":1749321950845,"action":"IDE_ACTIVATED"}
{"ts":1749322007486,"action":"IDE_DEACTIVATED"}
{"ts":1749322008271,"action":"IDE_ACTIVATED"}
{"ts":1749322031772,"action":"IDE_DEACTIVATED"}
{"ts":1749322039705,"action":"IDE_ACTIVATED"}
{"ts":1749322045328,"action":"IDE_DEACTIVATED"}
{"ts":1749322092195,"action":"IDE_ACTIVATED"}
{"ts":1749322092472,"action":"FILE_CLOSED","file":"/src/main/java/de/alex/Main.java","tags":{"FILE_LINE_OF_CODE":"56"}}
{"ts":1749322092498,"action":"FILE_OPENED","file":"/settings.gradle","tags":{"FILE_LINE_OF_CODE":"1"}}
{"ts":1749322107731,"action":"FILE_CLOSED","file":"/settings.gradle","tags":{"FILE_LINE_OF_CODE":"1"}}
{"ts":1749322107731,"action":"FILE_OPENED","file":"/src/main/java/de/alex/Main.java","tags":{"FILE_LINE_OF_CODE":"56"}}
{"ts":1749322109541,"action":"IDE_DEACTIVATED"}
{"ts":1749322196394,"action":"IDE_ACTIVATED"}
{"ts":1749322305968,"action":"IDE_DEACTIVATED"}
{"ts":1749322354751,"action":"IDE_ACTIVATED"}
{"ts":1749322426415,"action":"IDE_DEACTIVATED"}
{"ts":1749322443727,"action":"IDE_ACTIVATED"}
{"ts":1749322521635,"action":"FILE_CLOSED","file":"/src/main/java/de/alex/Main.java","tags":{"FILE_LINE_OF_CODE":"58"}}
{"ts":1749322527527,"action":"FILE_OPENED","file":"/src/main/java/de/alex/Main.java","tags":{"FILE_LINE_OF_CODE":"58"}}
{"ts":1749322573933,"action":"IDE_DEACTIVATED"}
{"ts":1749322609897,"action":"IDE_ACTIVATED"}
{"ts":1749322673438,"action":"IDE_DEACTIVATED"}
{"ts":1749322715550,"action":"IDE_ACTIVATED"}
{"ts":1749322717728,"action":"IDE_DEACTIVATED"}
{"ts":1749322796237,"action":"IDE_ACTIVATED"}
{"ts":1749322860948,"action":"IDE_DEACTIVATED"}
{"ts":1749322947144,"action":"IDE_ACTIVATED"}
{"ts":1749322997549,"action":"IDE_DEACTIVATED"}
{"ts":1749323002133,"action":"IDE_ACTIVATED"}
{"ts":1749323025391,"action":"IDE_DEACTIVATED"}
{"ts":1749323028342,"action":"IDE_ACTIVATED"}
{"ts":1749323169785,"action":"IDE_DEACTIVATED"}
{"ts":1749323264263,"action":"IDE_ACTIVATED"}
{"ts":1749323359810,"action":"IDE_DEACTIVATED"}
{"ts":1749323383432,"action":"IDE_ACTIVATED"}
{"ts":1749323469191,"action":"IDE_DEACTIVATED"}
{"ts":1749323632706,"action":"IDE_ACTIVATED"}
{"ts":1749323747102,"action":"IDE_DEACTIVATED"}
{"ts":1749324034303,"action":"IDE_ACTIVATED"}
{"ts":1749324116748,"action":"IDE_DEACTIVATED"}
{"ts":1749324258234,"action":"IDE_ACTIVATED"}
{"ts":1749325030280,"action":"IDE_DEACTIVATED"}
{"ts":1749325148037,"action":"IDE_ACTIVATED"}
{"ts":1749325363726,"action":"IDE_DEACTIVATED"}
{"ts":1749325393982,"action":"IDE_ACTIVATED"}
{"ts":1749325456267,"action":"FILE_CLOSED","file":"/src/main/java/de/alex/Main.java","tags":{"FILE_LINE_OF_CODE":"58"}}
{"ts":1749325494414,"action":"FILE_OPENED","file":"/src/main/java/de/alex/Main.java","tags":{"FILE_LINE_OF_CODE":"58"}}
{"ts":1749325625356,"action":"FILE_CLOSED","file":"/src/main/java/de/alex/Main.java","tags":{"FILE_LINE_OF_CODE":"60"}}
{"ts":1749325666739,"action":"FILE_OPENED","file":"/src/main/java/de/alex/Main.java","tags":{"FILE_LINE_OF_CODE":"60"}}
{"ts":1749325674725,"action":"FILE_CLOSED","file":"/src/main/java/de/alex/Main.java","tags":{"FILE_LINE_OF_CODE":"60"}}
{"ts":1749325686932,"action":"FILE_OPENED","file":"/src/main/java/de/alex/Main.java","tags":{"FILE_LINE_OF_CODE":"60"}}
{"ts":1749325689686,"action":"FILE_CLOSED","file":"/src/main/java/de/alex/Main.java","tags":{"FILE_LINE_OF_CODE":"60"}}
{"ts":1749325724722,"action":"FILE_OPENED","file":"/src/main/java/de/alex/Main.java","tags":{"FILE_LINE_OF_CODE":"60"}}
{"ts":1749325774375,"action":"IDE_DEACTIVATED"}
{"ts":1749325854846,"action":"IDE_ACTIVATED"}
{"ts":1749325867384,"action":"FILE_CLOSED","file":"/src/main/java/de/alex/Main.java","tags":{"FILE_LINE_OF_CODE":"59"}}
{"ts":1749325877072,"action":"FILE_OPENED","file":"/src/main/java/de/alex/Main.java","tags":{"FILE_LINE_OF_CODE":"59"}}
{"ts":1749326108985,"action":"IDE_DEACTIVATED"}
{"ts":1749326456507,"action":"IDE_ACTIVATED"}
{"ts":1749326529013,"action":"IDE_DEACTIVATED"}
{"ts":1749326586916,"action":"IDE_ACTIVATED"}
{"ts":1749326598157,"action":"IDE_DEACTIVATED"}
{"ts":1749326611394,"action":"IDE_ACTIVATED"}
{"ts":1749326841601,"action":"FILE_CLOSED","file":"/src/main/java/de/alex/Main.java","tags":{"FILE_LINE_OF_CODE":"89"}}
{"ts":1749326862954,"action":"FILE_OPENED","file":"/src/main/java/de/alex/Main.java","tags":{"FILE_LINE_OF_CODE":"89"}}
{"ts":1749327510776,"action":"IDE_DEACTIVATED"}
{"ts":1749327535044,"action":"IDE_ACTIVATED"}
{"ts":1749327539939,"action":"IDE_DEACTIVATED"}
{"ts":1749327589404,"action":"IDE_ACTIVATED"}
{"ts":1749328019074,"action":"IDE_DEACTIVATED"}
{"ts":1749328025104,"action":"IDE_ACTIVATED"}
{"ts":1749328169599,"action":"IDE_DEACTIVATED"}
{"ts":1749328206959,"action":"IDE_ACTIVATED"}
{"ts":1749328270739,"action":"IDE_DEACTIVATED"}
{"ts":1749328335678,"action":"IDE_ACTIVATED"}
{"ts":1749328736799,"action":"IDE_DEACTIVATED"}
{"ts":1749328760814,"action":"IDE_ACTIVATED"}
{"ts":1749328968908,"action":"IDE_DEACTIVATED"}
{"ts":1749329025115,"action":"IDE_ACTIVATED"}
{"ts":1749329103877,"action":"IDE_DEACTIVATED"}
{"ts":1749329135510,"action":"IDE_ACTIVATED"}
{"ts":1749329197072,"action":"IDE_DEACTIVATED"}
{"ts":1749329200870,"action":"IDE_ACTIVATED"}
{"ts":1749329782901,"action":"IDE_DEACTIVATED"}
{"ts":1749329848459,"action":"IDE_ACTIVATED"}
{"ts":1749329858347,"action":"IDE_DEACTIVATED"}
{"ts":1749329883915,"action":"IDE_ACTIVATED"}
{"ts":1749329911377,"action":"FILE_CLOSED","file":"/src/main/java/de/alex/Main.java","tags":{"FILE_LINE_OF_CODE":"96"}}
{"ts":1749329911549,"action":"FILE_OPENED","file":"/gradle.properties","tags":{"FILE_LINE_OF_CODE":"0"}}
{"ts":1749329926930,"action":"IDE_DEACTIVATED"}
{"ts":1749329971718,"action":"IDE_ACTIVATED"}
{"ts":1749329973882,"action":"IDE_DEACTIVATED"}
{"ts":1749329974450,"action":"IDE_ACTIVATED"}
{"ts":1749329979022,"action":"IDE_DEACTIVATED"}
{"ts":1749329979698,"action":"IDE_ACTIVATED"}
{"ts":1749329986520,"action":"IDE_DEACTIVATED"}
{"ts":1749329987232,"action":"IDE_ACTIVATED"}
{"ts":1749329990186,"action":"IDE_DEACTIVATED"}
{"ts":1749329990812,"action":"IDE_ACTIVATED"}
{"ts":1749330000591,"action":"IDE_DEACTIVATED"}
{"ts":1749330001093,"action":"IDE_ACTIVATED"}
{"ts":1749330045753,"action":"IDE_DEACTIVATED"}
{"ts":1749330059666,"action":"IDE_ACTIVATED"}
{"ts":1749330061284,"action":"IDE_DEACTIVATED"}
{"ts":1749330064608,"action":"IDE_ACTIVATED"}
{"ts":1749330074574,"action":"FILE_CLOSED","file":"/gradle.properties","tags":{"FILE_LINE_OF_CODE":"6"}}
{"ts":1749330074574,"action":"FILE_OPENED","file":"/src/main/java/de/alex/Main.java","tags":{"FILE_LINE_OF_CODE":"96"}}
{"ts":1749330166817,"action":"IDE_DEACTIVATED"}
{"ts":1749330363905,"action":"IDE_ACTIVATED"}
{"ts":1749330415968,"action":"IDE_DEACTIVATED"}
{"ts":1749330418027,"action":"IDE_ACTIVATED"}
{"ts":1749330448795,"action":"IDE_DEACTIVATED"}
{"ts":1749330450794,"action":"IDE_ACTIVATED"}
{"ts":1749330523312,"action":"IDE_DEACTIVATED"}
{"ts":1749330546590,"action":"IDE_ACTIVATED"}
{"ts":1749330557399,"action":"IDE_DEACTIVATED"}
{"ts":1749330640029,"action":"IDE_ACTIVATED"}
{"ts":1749330713083,"action":"IDE_DEACTIVATED"}
{"ts":1749330754916,"action":"IDE_ACTIVATED"}
{"ts":1749330785920,"action":"IDE_DEACTIVATED"}
{"ts":1749330828015,"action":"IDE_ACTIVATED"}
{"ts":1749330868571,"action":"IDE_DEACTIVATED"}
{"ts":1749330882536,"action":"IDE_ACTIVATED"}
{"ts":1749330906348,"action":"IDE_DEACTIVATED"}
{"ts":1749330908164,"action":"IDE_ACTIVATED"}
{"ts":1749332122217,"action":"IDE_DEACTIVATED"}
{"ts":1749332175447,"action":"IDE_ACTIVATED"}
{"ts":1749332495509,"action":"IDE_DEACTIVATED"}
{"ts":1749332498152,"action":"IDE_ACTIVATED"}
{"ts":1749332502431,"action":"PROJECT_CLOSED","tags":{"PROJECT_NAME":"DynDNS14"}}
{"ts":1749366696188,"action":"IDE_DEACTIVATED"}
{"ts":1749366698065,"action":"FILE_OPENED","file":"/src/main/java/de/alex/Main.java","tags":{"FILE_LINE_OF_CODE":"112"}}
{"ts":1749366698410,"action":"PROJECT_OPENED","tags":{"PROJECT_NAME":"DynDNS14"}}
{"ts":1749367468681,"action":"IDE_ACTIVATED"}
{"ts":1749368606934,"action":"IDE_DEACTIVATED"}
{"ts":1749368611210,"action":"IDE_ACTIVATED"}
{"ts":1749368719861,"action":"IDE_DEACTIVATED"}
{"ts":1749368740499,"action":"IDE_ACTIVATED"}
{"ts":1749368777214,"action":"IDE_DEACTIVATED"}
{"ts":1749368785699,"action":"IDE_ACTIVATED"}
{"ts":1749369078845,"action":"IDE_DEACTIVATED"}
{"ts":1749369090294,"action":"IDE_ACTIVATED"}
{"ts":1749369199788,"action":"IDE_DEACTIVATED"}
{"ts":1749369261875,"action":"IDE_ACTIVATED"}
{"ts":1749369272803,"action":"IDE_DEACTIVATED"}
{"ts":1749369313613,"action":"IDE_ACTIVATED"}
{"ts":1749369345761,"action":"IDE_DEACTIVATED"}
{"ts":1749369389184,"action":"IDE_ACTIVATED"}
{"ts":1749369838619,"action":"IDE_DEACTIVATED"}
{"ts":1749369879563,"action":"IDE_ACTIVATED"}
{"ts":1749370149831,"action":"IDE_DEACTIVATED"}
{"ts":1749370252618,"action":"IDE_ACTIVATED"}
{"ts":1749370323544,"action":"IDE_DEACTIVATED"}
{"ts":1749370530828,"action":"IDE_ACTIVATED"}
{"ts":1749370694782,"action":"IDE_DEACTIVATED"}
{"ts":1749370706247,"action":"IDE_ACTIVATED"}
{"ts":1749370774431,"action":"IDE_DEACTIVATED"}
{"ts":1749370846927,"action":"IDE_ACTIVATED"}
{"ts":1749371141138,"action":"IDE_DEACTIVATED"}
{"ts":1749371169928,"action":"IDE_ACTIVATED"}
{"ts":1749371242297,"action":"IDE_DEACTIVATED"}
{"ts":1749371271519,"action":"IDE_ACTIVATED"}
{"ts":1749371639714,"action":"IDE_DEACTIVATED"}
{"ts":1749371672199,"action":"IDE_ACTIVATED"}
{"ts":1749371712326,"action":"IDE_DEACTIVATED"}
{"ts":1749371860256,"action":"IDE_ACTIVATED"}
{"ts":1749371926067,"action":"IDE_DEACTIVATED"}
{"ts":1749372055146,"action":"IDE_ACTIVATED"}
{"ts":1749372076210,"action":"IDE_DEACTIVATED"}
{"ts":1749372117995,"action":"IDE_ACTIVATED"}
{"ts":1749372227930,"action":"IDE_DEACTIVATED"}
{"ts":1749372242404,"action":"IDE_ACTIVATED"}
{"ts":1749372320174,"action":"IDE_DEACTIVATED"}
{"ts":1749372321690,"action":"IDE_ACTIVATED"}
{"ts":1749372337411,"action":"IDE_DEACTIVATED"}
{"ts":1749372342072,"action":"IDE_ACTIVATED"}
{"ts":1749372462345,"action":"IDE_DEACTIVATED"}
{"ts":1749372486412,"action":"IDE_ACTIVATED"}
{"ts":1749372638239,"action":"IDE_DEACTIVATED"}
{"ts":1749372689793,"action":"IDE_ACTIVATED"}
{"ts":1749372774729,"action":"IDE_DEACTIVATED"}
{"ts":1749372784551,"action":"IDE_ACTIVATED"}
{"ts":1749372798551,"action":"IDE_DEACTIVATED"}
{"ts":1749372872386,"action":"IDE_ACTIVATED"}
{"ts":1749372904872,"action":"IDE_DEACTIVATED"}
{"ts":1749372907821,"action":"IDE_ACTIVATED"}
{"ts":1749373036432,"action":"IDE_DEACTIVATED"}
{"ts":1749373056578,"action":"IDE_ACTIVATED"}
{"ts":1749373091577,"action":"IDE_DEACTIVATED"}
{"ts":1749373093677,"action":"IDE_ACTIVATED"}
{"ts":1749373119972,"action":"IDE_DEACTIVATED"}
{"ts":1749373122504,"action":"IDE_ACTIVATED"}
{"ts":1749373180933,"action":"IDE_DEACTIVATED"}
{"ts":1749373213417,"action":"IDE_ACTIVATED"}
{"ts":1749374242774,"action":"IDE_DEACTIVATED"}
{"ts":1749374368601,"action":"IDE_ACTIVATED"}
{"ts":1749374770837,"action":"IDE_DEACTIVATED"}
{"ts":1749374773785,"action":"IDE_ACTIVATED"}
{"ts":1749374787868,"action":"IDE_DEACTIVATED"}
{"ts":1749374791051,"action":"IDE_ACTIVATED"}
{"ts":1749374887526,"action":"IDE_DEACTIVATED"}
{"ts":1749374918045,"action":"IDE_ACTIVATED"}
{"ts":1749374993758,"action":"IDE_DEACTIVATED"}
{"ts":1749375000917,"action":"IDE_ACTIVATED"}
{"ts":1749375808986,"action":"IDE_DEACTIVATED"}
{"ts":1749375823742,"action":"IDE_ACTIVATED"}
{"ts":1749375999207,"action":"IDE_DEACTIVATED"}
{"ts":1749376005573,"action":"IDE_ACTIVATED"}
{"ts":1749376033971,"action":"IDE_DEACTIVATED"}
{"ts":1749376071333,"action":"IDE_ACTIVATED"}
{"ts":1749376109332,"action":"IDE_DEACTIVATED"}
{"ts":1749376210916,"action":"IDE_ACTIVATED"}
{"ts":1749376222649,"action":"IDE_DEACTIVATED"}
{"ts":1749376274379,"action":"IDE_ACTIVATED"}
{"ts":1749376356805,"action":"IDE_DEACTIVATED"}
{"ts":1749376473473,"action":"IDE_ACTIVATED"}
{"ts":1749376738090,"action":"IDE_DEACTIVATED"}
{"ts":1749376955040,"action":"IDE_ACTIVATED"}
{"ts":1749377021801,"action":"IDE_DEACTIVATED"}
{"ts":1749377027991,"action":"IDE_ACTIVATED"}
{"ts":1749377042085,"action":"FILE_CLOSED","file":"/src/main/java/de/alex/Main.java","tags":{"FILE_LINE_OF_CODE":"93"}}
{"ts":1749377077782,"action":"FILE_OPENED","file":"/src/main/java/de/alex/Main.java","tags":{"FILE_LINE_OF_CODE":"93"}}
{"ts":1749377081218,"action":"IDE_DEACTIVATED"}
{"ts":1749377107602,"action":"IDE_ACTIVATED"}
{"ts":1749377146147,"action":"IDE_DEACTIVATED"}
{"ts":1749377250234,"action":"IDE_ACTIVATED"}
{"ts":1749377395422,"action":"IDE_DEACTIVATED"}
{"ts":1749377518135,"action":"IDE_ACTIVATED"}
{"ts":1749377592452,"action":"IDE_DEACTIVATED"}
{"ts":1749377966323,"action":"IDE_ACTIVATED"}
{"ts":1749377967840,"action":"IDE_DEACTIVATED"}
{"ts":1749377969577,"action":"IDE_ACTIVATED"}
{"ts":1749378354068,"action":"IDE_DEACTIVATED"}
{"ts":1749378371795,"action":"IDE_ACTIVATED"}
{"ts":1749378384109,"action":"IDE_DEACTIVATED"}
{"ts":1749378386738,"action":"IDE_ACTIVATED"}
{"ts":1749378647328,"action":"FILE_CLOSED","file":"/src/main/java/de/alex/Main.java","tags":{"FILE_LINE_OF_CODE":"108"}}
{"ts":1749378660289,"action":"FILE_OPENED","file":"/src/main/java/de/alex/Main.java","tags":{"FILE_LINE_OF_CODE":"108"}}
{"ts":1749378683479,"action":"IDE_DEACTIVATED"}
{"ts":1749378700612,"action":"IDE_ACTIVATED"}
{"ts":1749378723919,"action":"IDE_DEACTIVATED"}
{"ts":1749378728656,"action":"IDE_ACTIVATED"}
{"ts":1749379052945,"action":"IDE_DEACTIVATED"}
{"ts":1749379102706,"action":"IDE_ACTIVATED"}
{"ts":1749379204235,"action":"IDE_DEACTIVATED"}
{"ts":1749379217177,"action":"IDE_ACTIVATED"}
{"ts":1749379292207,"action":"IDE_DEACTIVATED"}
{"ts":1749379306564,"action":"IDE_ACTIVATED"}
{"ts":1749379422696,"action":"IDE_DEACTIVATED"}
{"ts":1749379427150,"action":"IDE_ACTIVATED"}
{"ts":1749379598684,"action":"IDE_DEACTIVATED"}
{"ts":1749379636589,"action":"IDE_ACTIVATED"}
{"ts":1749379641224,"action":"IDE_DEACTIVATED"}
{"ts":1749379653476,"action":"IDE_ACTIVATED"}
{"ts":1749379667809,"action":"IDE_DEACTIVATED"}
{"ts":1749379744588,"action":"IDE_ACTIVATED"}
{"ts":1749379796997,"action":"IDE_DEACTIVATED"}
{"ts":1749379910178,"action":"IDE_ACTIVATED"}
{"ts":1749379923156,"action":"IDE_DEACTIVATED"}
{"ts":1749379933633,"action":"IDE_ACTIVATED"}
{"ts":1749380049071,"action":"IDE_DEACTIVATED"}
{"ts":1749380052694,"action":"IDE_ACTIVATED"}
{"ts":1749380164979,"action":"IDE_DEACTIVATED"}
{"ts":1749380244983,"action":"IDE_ACTIVATED"}
{"ts":1749380261925,"action":"IDE_DEACTIVATED"}
{"ts":1749380320994,"action":"IDE_ACTIVATED"}
{"ts":1749380332664,"action":"IDE_DEACTIVATED"}
{"ts":1749380409771,"action":"IDE_ACTIVATED"}
{"ts":1749380410987,"action":"IDE_DEACTIVATED"}
{"ts":1749380412290,"action":"IDE_ACTIVATED"}
{"ts":1749380522218,"action":"FILE_CLOSED","file":"/src/main/java/de/alex/Main.java","tags":{"FILE_LINE_OF_CODE":"147"}}
{"ts":1749380522406,"action":"FILE_OPENED","file":"/src/main/java/de/alex/utils/CloudflareUtils.java","tags":{"FILE_LINE_OF_CODE":"5"}}
{"ts":1749380603061,"action":"IDE_DEACTIVATED"}
{"ts":1749380659236,"action":"IDE_ACTIVATED"}
{"ts":1749380677372,"action":"FILE_CLOSED","file":"/src/main/java/de/alex/utils/CloudflareUtils.java","tags":{"FILE_LINE_OF_CODE":"138"}}
{"ts":1749380677372,"action":"FILE_OPENED","file":"/src/main/java/de/alex/Server.java","tags":{"FILE_LINE_OF_CODE":"13"}}
{"ts":1749380678669,"action":"FILE_CLOSED","file":"/src/main/java/de/alex/Server.java","tags":{"FILE_LINE_OF_CODE":"13"}}
{"ts":1749380678669,"action":"FILE_OPENED","file":"/src/main/java/de/alex/Main.java","tags":{"FILE_LINE_OF_CODE":"147"}}
{"ts":1749380691655,"action":"FILE_CLOSED","file":"/src/main/java/de/alex/Main.java","tags":{"FILE_LINE_OF_CODE":"147"}}
{"ts":1749380691655,"action":"FILE_OPENED","file":"/src/main/java/de/alex/utils/CloudflareUtils.java","tags":{"FILE_LINE_OF_CODE":"138"}}
{"ts":1749380834174,"action":"FILE_CLOSED","file":"/src/main/java/de/alex/utils/CloudflareUtils.java","tags":{"FILE_LINE_OF_CODE":"232"}}
{"ts":1749380834218,"action":"FILE_OPENED","file":"/build.gradle","tags":{"FILE_LINE_OF_CODE":"19"}}
{"ts":1749380916187,"action":"FILE_CLOSED","file":"/build.gradle","tags":{"FILE_LINE_OF_CODE":"20"}}
{"ts":1749380916187,"action":"FILE_OPENED","file":"/src/main/java/de/alex/utils/CloudflareUtils.java","tags":{"FILE_LINE_OF_CODE":"232"}}
{"ts":1749381035177,"action":"FILE_CLOSED","file":"/src/main/java/de/alex/utils/CloudflareUtils.java","tags":{"FILE_LINE_OF_CODE":"236"}}
{"ts":1749381035177,"action":"FILE_OPENED","file":"/src/main/java/de/alex/Main.java","tags":{"FILE_LINE_OF_CODE":"147"}}
{"ts":1749381108910,"action":"IDE_DEACTIVATED"}
{"ts":1749381251467,"action":"IDE_ACTIVATED"}
{"ts":1749381254735,"action":"IDE_DEACTIVATED"}
{"ts":1749381472069,"action":"IDE_ACTIVATED"}
{"ts":1749381548060,"action":"FILE_CLOSED","file":"/src/main/java/de/alex/Main.java","tags":{"FILE_LINE_OF_CODE":"153"}}
{"ts":1749381548060,"action":"FILE_OPENED","file":"/src/main/java/de/alex/utils/CloudflareUtils.java","tags":{"FILE_LINE_OF_CODE":"236"}}
{"ts":1749381560233,"action":"FILE_CLOSED","file":"/src/main/java/de/alex/utils/CloudflareUtils.java","tags":{"FILE_LINE_OF_CODE":"236"}}
{"ts":1749381560233,"action":"FILE_OPENED","file":"/src/main/java/de/alex/Main.java","tags":{"FILE_LINE_OF_CODE":"153"}}
{"ts":1749381583948,"action":"IDE_DEACTIVATED"}
{"ts":1749381591837,"action":"IDE_ACTIVATED"}
{"ts":1749382129800,"action":"IDE_DEACTIVATED"}
{"ts":1749382184848,"action":"IDE_ACTIVATED"}
{"ts":1749382314367,"action":"FILE_CLOSED","file":"/src/main/java/de/alex/Main.java","tags":{"FILE_LINE_OF_CODE":"182"}}
{"ts":1749382314367,"action":"FILE_OPENED","file":"/src/main/java/de/alex/utils/CloudflareUtils.java","tags":{"FILE_LINE_OF_CODE":"236"}}
{"ts":1749382325551,"action":"IDE_DEACTIVATED"}
{"ts":1749382340049,"action":"IDE_ACTIVATED"}
{"ts":1749382340120,"action":"FILE_CLOSED","file":"/src/main/java/de/alex/utils/CloudflareUtils.java","tags":{"FILE_LINE_OF_CODE":"236"}}
{"ts":1749382340120,"action":"FILE_OPENED","file":"/src/main/java/de/alex/Main.java","tags":{"FILE_LINE_OF_CODE":"182"}}
{"ts":1749382366369,"action":"FILE_CLOSED","file":"/src/main/java/de/alex/Main.java","tags":{"FILE_LINE_OF_CODE":"182"}}
{"ts":1749382366369,"action":"FILE_OPENED","file":"/src/main/java/de/alex/utils/CloudflareUtils.java","tags":{"FILE_LINE_OF_CODE":"236"}}
{"ts":1749382418384,"action":"IDE_DEACTIVATED"}
{"ts":1749382699426,"action":"IDE_ACTIVATED"}
{"ts":1749382699498,"action":"FILE_CLOSED","file":"/src/main/java/de/alex/utils/CloudflareUtils.java","tags":{"FILE_LINE_OF_CODE":"236"}}
{"ts":1749382699498,"action":"FILE_OPENED","file":"/src/main/java/de/alex/Main.java","tags":{"FILE_LINE_OF_CODE":"182"}}
{"ts":1749382776380,"action":"IDE_DEACTIVATED"}
{"ts":1749391013572,"action":"IDE_ACTIVATED"}
{"ts":1749394013936,"action":"IDE_DEACTIVATED"}
{"ts":1749394060452,"action":"IDE_ACTIVATED"}
{"ts":1749394072187,"action":"IDE_DEACTIVATED"}
{"ts":1749394325249,"action":"IDE_ACTIVATED"}
{"ts":1749394408450,"action":"IDE_DEACTIVATED"}
{"ts":1749394430314,"action":"IDE_ACTIVATED"}
{"ts":1749394578143,"action":"IDE_DEACTIVATED"}
{"ts":1749394676799,"action":"IDE_ACTIVATED"}
{"ts":1749394913037,"action":"IDE_DEACTIVATED"}
{"ts":1749394918427,"action":"IDE_ACTIVATED"}
{"ts":1749394930803,"action":"IDE_DEACTIVATED"}
{"ts":1749394970695,"action":"IDE_ACTIVATED"}
{"ts":1749395020816,"action":"IDE_DEACTIVATED"}
{"ts":1749395024944,"action":"IDE_ACTIVATED"}
{"ts":1749395056450,"action":"IDE_DEACTIVATED"}
{"ts":1749395064186,"action":"IDE_ACTIVATED"}
{"ts":1749395154487,"action":"IDE_DEACTIVATED"}
{"ts":1749395202320,"action":"IDE_ACTIVATED"}
{"ts":1749395204602,"action":"IDE_DEACTIVATED"}
{"ts":1749395317933,"action":"IDE_ACTIVATED"}
{"ts":1749395318792,"action":"IDE_DEACTIVATED"}
{"ts":1749396423897,"action":"IDE_ACTIVATED"}
{"ts":1749396428188,"action":"IDE_DEACTIVATED"}
{"ts":1749396565536,"action":"IDE_ACTIVATED"}
{"ts":1749396565626,"action":"FILE_CLOSED","file":"/src/main/java/de/alex/Main.java","tags":{"FILE_LINE_OF_CODE":"251"}}
{"ts":1749396565626,"action":"FILE_OPENED","file":"/src/main/java/de/alex/utils/CloudflareUtils.java","tags":{"FILE_LINE_OF_CODE":"236"}}
{"ts":1749396597974,"action":"IDE_DEACTIVATED"}
{"ts":1749396793052,"action":"IDE_ACTIVATED"}
{"ts":1749396812376,"action":"IDE_DEACTIVATED"}
{"ts":1749396922342,"action":"IDE_ACTIVATED"}
{"ts":1749396946971,"action":"IDE_DEACTIVATED"}
{"ts":1749397045681,"action":"IDE_ACTIVATED"}
{"ts":1749397052787,"action":"FILE_CLOSED","file":"/src/main/java/de/alex/utils/CloudflareUtils.java","tags":{"FILE_LINE_OF_CODE":"236"}}
{"ts":1749397052917,"action":"FILE_OPENED","file":"/src/main/java/de/alex/utils/LoggerFormatter.java","tags":{"FILE_LINE_OF_CODE":"5"}}
{"ts":1749397074309,"action":"IDE_DEACTIVATED"}
{"ts":1749397077355,"action":"IDE_ACTIVATED"}
{"ts":1749397081201,"action":"IDE_DEACTIVATED"}
{"ts":1749397083343,"action":"IDE_ACTIVATED"}
{"ts":1749397090342,"action":"IDE_DEACTIVATED"}
{"ts":1749397091946,"action":"IDE_ACTIVATED"}
{"ts":1749397126128,"action":"FILE_CLOSED","file":"/src/main/java/de/alex/utils/LoggerFormatter.java","tags":{"FILE_LINE_OF_CODE":"43"}}
{"ts":1749397142990,"action":"FILE_OPENED","file":"/src/main/java/de/alex/utils/LoggerFormatter.java","tags":{"FILE_LINE_OF_CODE":"43"}}
{"ts":1749397151158,"action":"FILE_CLOSED","file":"/src/main/java/de/alex/utils/LoggerFormatter.java","tags":{"FILE_LINE_OF_CODE":"43"}}
{"ts":1749397151158,"action":"FILE_OPENED","file":"/src/main/java/de/alex/Main.java","tags":{"FILE_LINE_OF_CODE":"251"}}
{"ts":1749397158647,"action":"FILE_CLOSED","file":"/src/main/java/de/alex/Main.java","tags":{"FILE_LINE_OF_CODE":"251"}}
{"ts":1749397158647,"action":"FILE_OPENED","file":"/src/main/java/de/alex/Server.java","tags":{"FILE_LINE_OF_CODE":"13"}}
{"ts":1749397260328,"action":"FILE_CLOSED","file":"/src/main/java/de/alex/Server.java","tags":{"FILE_LINE_OF_CODE":"244"}}
{"ts":1749397260328,"action":"FILE_OPENED","file":"/src/main/java/de/alex/Main.java","tags":{"FILE_LINE_OF_CODE":"251"}}
{"ts":1749397380084,"action":"FILE_CLOSED","file":"/src/main/java/de/alex/Main.java","tags":{"FILE_LINE_OF_CODE":"20"}}
{"ts":1749397380084,"action":"FILE_OPENED","file":"/src/main/java/de/alex/Server.java","tags":{"FILE_LINE_OF_CODE":"244"}}
{"ts":1749397402643,"action":"FILE_CLOSED","file":"/src/main/java/de/alex/Server.java","tags":{"FILE_LINE_OF_CODE":"242"}}
{"ts":1749397402643,"action":"FILE_OPENED","file":"/src/main/java/de/alex/Main.java","tags":{"FILE_LINE_OF_CODE":"20"}}
{"ts":1749397441443,"action":"FILE_CLOSED","file":"/src/main/java/de/alex/Main.java","tags":{"FILE_LINE_OF_CODE":"22"}}
{"ts":1749397470113,"action":"FILE_OPENED","file":"/src/main/java/de/alex/Main.java","tags":{"FILE_LINE_OF_CODE":"22"}}
{"ts":1749397503601,"action":"IDE_DEACTIVATED"}
{"ts":1749397548911,"action":"IDE_ACTIVATED"}
{"ts":1749397595893,"action":"FILE_CLOSED","file":"/src/main/java/de/alex/Main.java","tags":{"FILE_LINE_OF_CODE":"21"}}
{"ts":1749397595980,"action":"FILE_OPENED","file":"/src/main/java/de/alex/utils/LoggerUtils.java","tags":{"FILE_LINE_OF_CODE":"5"}}
{"ts":1749397684932,"action":"FILE_CLOSED","file":"/src/main/java/de/alex/utils/LoggerUtils.java","tags":{"FILE_LINE_OF_CODE":"22"}}
{"ts":1749397714420,"action":"FILE_OPENED","file":"/src/main/java/de/alex/utils/LoggerUtils.java","tags":{"FILE_LINE_OF_CODE":"22"}}
{"ts":1749397773019,"action":"FILE_CLOSED","file":"/src/main/java/de/alex/utils/LoggerUtils.java","tags":{"FILE_LINE_OF_CODE":"30"}}
{"ts":1749397778240,"action":"FILE_OPENED","file":"/src/main/java/de/alex/utils/LoggerUtils.java","tags":{"FILE_LINE_OF_CODE":"30"}}
{"ts":1749397788935,"action":"FILE_CLOSED","file":"/src/main/java/de/alex/utils/LoggerUtils.java","tags":{"FILE_LINE_OF_CODE":"30"}}
{"ts":1749397792477,"action":"FILE_OPENED","file":"/src/main/java/de/alex/utils/LoggerUtils.java","tags":{"FILE_LINE_OF_CODE":"30"}}
{"ts":1749397793733,"action":"FILE_CLOSED","file":"/src/main/java/de/alex/utils/LoggerUtils.java","tags":{"FILE_LINE_OF_CODE":"30"}}
{"ts":1749397800540,"action":"FILE_OPENED","file":"/src/main/java/de/alex/utils/LoggerUtils.java","tags":{"FILE_LINE_OF_CODE":"30"}}
{"ts":1749397827737,"action":"FILE_CLOSED","file":"/src/main/java/de/alex/utils/LoggerUtils.java","tags":{"FILE_LINE_OF_CODE":"40"}}
{"ts":1749397840507,"action":"FILE_OPENED","file":"/src/main/java/de/alex/utils/LoggerUtils.java","tags":{"FILE_LINE_OF_CODE":"40"}}
{"ts":1749397880530,"action":"FILE_CLOSED","file":"/src/main/java/de/alex/utils/LoggerUtils.java","tags":{"FILE_LINE_OF_CODE":"17"}}
{"ts":1749397880530,"action":"FILE_OPENED","file":"/src/main/java/de/alex/utils/CloudflareUtils.java","tags":{"FILE_LINE_OF_CODE":"236"}}
{"ts":1749397899325,"action":"FILE_CLOSED","file":"/src/main/java/de/alex/utils/CloudflareUtils.java","tags":{"FILE_LINE_OF_CODE":"236"}}
{"ts":1749397899326,"action":"FILE_OPENED","file":"/src/main/java/de/alex/utils/LoggerUtils.java","tags":{"FILE_LINE_OF_CODE":"17"}}
{"ts":1749397901740,"action":"FILE_CLOSED","file":"/src/main/java/de/alex/utils/LoggerUtils.java","tags":{"FILE_LINE_OF_CODE":"17"}}
{"ts":1749397901740,"action":"FILE_OPENED","file":"/src/main/java/de/alex/Server.java","tags":{"FILE_LINE_OF_CODE":"242"}}
{"ts":1749397923174,"action":"IDE_DEACTIVATED"}
{"ts":1749397973974,"action":"IDE_ACTIVATED"}
{"ts":1749398045392,"action":"FILE_CLOSED","file":"/src/main/java/de/alex/Server.java","tags":{"FILE_LINE_OF_CODE":"243"}}
{"ts":1749398045392,"action":"FILE_OPENED","file":"/src/main/java/de/alex/Main.java","tags":{"FILE_LINE_OF_CODE":"21"}}
{"ts":1749398061354,"action":"FILE_CLOSED","file":"/src/main/java/de/alex/Main.java","tags":{"FILE_LINE_OF_CODE":"23"}}
{"ts":1749398061354,"action":"FILE_OPENED","file":"/src/main/java/de/alex/Server.java","tags":{"FILE_LINE_OF_CODE":"243"}}
{"ts":1749398068040,"action":"FILE_CLOSED","file":"/src/main/java/de/alex/Server.java","tags":{"FILE_LINE_OF_CODE":"243"}}
{"ts":1749398068040,"action":"FILE_OPENED","file":"/src/main/java/de/alex/utils/LoggerUtils.java","tags":{"FILE_LINE_OF_CODE":"17"}}
{"ts":1749398115275,"action":"IDE_DEACTIVATED"}
{"ts":1749398273770,"action":"IDE_ACTIVATED"}
{"ts":1749398343670,"action":"FILE_CLOSED","file":"/src/main/java/de/alex/utils/LoggerUtils.java","tags":{"FILE_LINE_OF_CODE":"17"}}
{"ts":1749398367020,"action":"FILE_OPENED","file":"/src/main/java/de/alex/utils/LoggerUtils.java","tags":{"FILE_LINE_OF_CODE":"17"}}
{"ts":1749398448960,"action":"FILE_CLOSED","file":"/src/main/java/de/alex/utils/LoggerUtils.java","tags":{"FILE_LINE_OF_CODE":"26"}}
{"ts":1749398456595,"action":"FILE_OPENED","file":"/src/main/java/de/alex/utils/LoggerUtils.java","tags":{"FILE_LINE_OF_CODE":"26"}}
{"ts":1749398485331,"action":"IDE_DEACTIVATED"}
{"ts":1749398505876,"action":"IDE_ACTIVATED"}
{"ts":1749398601148,"action":"IDE_DEACTIVATED"}
{"ts":1749399016892,"action":"IDE_ACTIVATED"}
{"ts":1749399016973,"action":"FILE_CLOSED","file":"/src/main/java/de/alex/utils/LoggerUtils.java","tags":{"FILE_LINE_OF_CODE":"35"}}
{"ts":1749399016973,"action":"FILE_OPENED","file":"/src/main/java/de/alex/Main.java","tags":{"FILE_LINE_OF_CODE":"23"}}
{"ts":1749399019013,"action":"FILE_CLOSED","file":"/src/main/java/de/alex/Main.java","tags":{"FILE_LINE_OF_CODE":"23"}}
{"ts":1749399019013,"action":"FILE_OPENED","file":"/src/main/java/de/alex/Server.java","tags":{"FILE_LINE_OF_CODE":"243"}}
{"ts":1749399063509,"action":"IDE_DEACTIVATED"}
{"ts":1749400961626,"action":"IDE_ACTIVATED"}
{"ts":1749400965560,"action":"IDE_DEACTIVATED"}
{"ts":1749401222541,"action":"IDE_ACTIVATED"}
{"ts":1749401224649,"action":"FILE_CLOSED","file":"/src/main/java/de/alex/Server.java","tags":{"FILE_LINE_OF_CODE":"244"}}
{"ts":1749401224649,"action":"FILE_OPENED","file":"/build.gradle","tags":{"FILE_LINE_OF_CODE":"20"}}
{"ts":1749401240542,"action":"IDE_DEACTIVATED"}
{"ts":1749401249544,"action":"IDE_ACTIVATED"}
{"ts":1749401265318,"action":"IDE_DEACTIVATED"}
{"ts":1749401297545,"action":"IDE_ACTIVATED"}
{"ts":1749401348321,"action":"IDE_DEACTIVATED"}
{"ts":1749401359784,"action":"IDE_ACTIVATED"}
{"ts":1749401548270,"action":"FILE_CLOSED","file":"/build.gradle","tags":{"FILE_LINE_OF_CODE":"29"}}
{"ts":1749401548270,"action":"FILE_OPENED","file":"/src/main/java/de/alex/Server.java","tags":{"FILE_LINE_OF_CODE":"244"}}
{"ts":1749401553567,"action":"FILE_CLOSED","file":"/src/main/java/de/alex/Server.java","tags":{"FILE_LINE_OF_CODE":"244"}}
{"ts":1749401553567,"action":"FILE_OPENED","file":"/build.gradle","tags":{"FILE_LINE_OF_CODE":"29"}}
{"ts":1749401658687,"action":"IDE_DEACTIVATED"}
{"ts":1749401725381,"action":"IDE_ACTIVATED"}
{"ts":1749401739319,"action":"IDE_DEACTIVATED"}
{"ts":1749401740594,"action":"IDE_ACTIVATED"}
{"ts":1749401899070,"action":"IDE_DEACTIVATED"}
{"ts":1749403379658,"action":"IDE_ACTIVATED"}
{"ts":1749403409416,"action":"IDE_DEACTIVATED"}
{"ts":1749403422801,"action":"IDE_ACTIVATED"}
{"ts":1749403532224,"action":"IDE_DEACTIVATED"}
{"ts":1749403538074,"action":"IDE_ACTIVATED"}
{"ts":1749403539366,"action":"IDE_DEACTIVATED"}
{"ts":1749403697377,"action":"IDE_ACTIVATED"}
{"ts":1749403701530,"action":"IDE_DEACTIVATED"}
{"ts":1749403703939,"action":"IDE_ACTIVATED"}
{"ts":1749403705254,"action":"IDE_DEACTIVATED"}
{"ts":1749403748910,"action":"IDE_ACTIVATED"}
{"ts":1749403751193,"action":"IDE_DEACTIVATED"}
{"ts":1749403778171,"action":"IDE_ACTIVATED"}
{"ts":1749403779318,"action":"IDE_DEACTIVATED"}
{"ts":1749403781264,"action":"IDE_ACTIVATED"}
{"ts":1749403784564,"action":"IDE_DEACTIVATED"}
{"ts":1749404179653,"action":"IDE_ACTIVATED"}
{"ts":1749404181485,"action":"IDE_DEACTIVATED"}
{"ts":1749406312781,"action":"IDE_ACTIVATED"}
{"ts":1749406314645,"action":"PROJECT_CLOSED","tags":{"PROJECT_NAME":"DynDNS14"}}
{"ts":1749568941526,"action":"IDE_DEACTIVATED"}
{"ts":1749568943938,"action":"FILE_OPENED","file":"/build.gradle","tags":{"FILE_LINE_OF_CODE":"31"}}
{"ts":1749568944337,"action":"PROJECT_OPENED","tags":{"PROJECT_NAME":"DynDNS14"}}
{"ts":1749569071634,"action":"IDE_ACTIVATED"}
{"ts":1749569139572,"action":"FILE_CLOSED","file":"/build.gradle","tags":{"FILE_LINE_OF_CODE":"31"}}
{"ts":1749569139572,"action":"FILE_OPENED","file":"/src/main/java/de/alex/utils/CloudflareUtils.java","tags":{"FILE_LINE_OF_CODE":"236"}}
{"ts":1749569158408,"action":"FILE_CLOSED","file":"/src/main/java/de/alex/utils/CloudflareUtils.java","tags":{"FILE_LINE_OF_CODE":"236"}}
{"ts":1749569158408,"action":"FILE_OPENED","file":"/src/main/java/de/alex/Main.java","tags":{"FILE_LINE_OF_CODE":"23"}}
{"ts":1749569161771,"action":"FILE_CLOSED","file":"/src/main/java/de/alex/Main.java","tags":{"FILE_LINE_OF_CODE":"23"}}
{"ts":1749569161771,"action":"FILE_OPENED","file":"/src/main/java/de/alex/Server.java","tags":{"FILE_LINE_OF_CODE":"244"}}
{"ts":1749569533280,"action":"IDE_DEACTIVATED"}
{"ts":1749569534964,"action":"IDE_ACTIVATED"}
{"ts":1749569535427,"action":"IDE_DEACTIVATED"}
{"ts":1749569593769,"action":"IDE_ACTIVATED"}
{"ts":1749569595077,"action":"IDE_DEACTIVATED"}
{"ts":1749573511148,"action":"IDE_ACTIVATED"}
{"ts":1749574301364,"action":"IDE_DEACTIVATED"}
{"ts":1749574769555,"action":"IDE_ACTIVATED"}
{"ts":1749574770144,"action":"IDE_DEACTIVATED"}
{"ts":1749582578737,"action":"IDE_ACTIVATED"}
{"ts":1749582582459,"action":"IDE_DEACTIVATED"}
{"ts":1749583657155,"action":"IDE_ACTIVATED"}
{"ts":1749583658351,"action":"IDE_DEACTIVATED"}
{"ts":1749583961044,"action":"IDE_ACTIVATED"}
{"ts":1749583970510,"action":"PROJECT_CLOSED","tags":{"PROJECT_NAME":"DynDNS14"}}
{"ts":1749998883283,"action":"FILE_OPENED","file":"/src/main/java/de/alex/Server.java","tags":{"FILE_LINE_OF_CODE":"244"}}
{"ts":1749998883739,"action":"PROJECT_OPENED","tags":{"PROJECT_NAME":"DynDNS14"}}
{"ts":1749999256134,"action":"PROJECT_CLOSED","tags":{"PROJECT_NAME":"DynDNS14"}}
{"ts":1749999272698,"action":"FILE_OPENED","file":"/src/main/java/de/alex/Server.java","tags":{"FILE_LINE_OF_CODE":"244"}}
{"ts":1749999273254,"action":"PROJECT_OPENED","tags":{"PROJECT_NAME":"DynDNS14"}}
{"ts":1749999276103,"action":"FILE_CLOSED","file":"/src/main/java/de/alex/Server.java","tags":{"FILE_LINE_OF_CODE":"244"}}
{"ts":1749999310340,"action":"IDE_DEACTIVATED"}
{"ts":1749999334723,"action":"IDE_ACTIVATED"}
{"ts":1749999336246,"action":"FILE_OPENED","file":"/src/main/java/de/alex/Server.java","tags":{"FILE_LINE_OF_CODE":"244"}}
{"ts":1749999573562,"action":"IDE_DEACTIVATED"}
{"ts":1749999705361,"action":"IDE_ACTIVATED"}
{"ts":1749999705708,"action":"FILE_CLOSED","file":"/src/main/java/de/alex/Server.java","tags":{"FILE_LINE_OF_CODE":"244"}}
{"ts":1749999764563,"action":"FILE_OPENED","file":"/src/main/java/de/alex/Server.java","tags":{"FILE_LINE_OF_CODE":"244"}}
{"ts":1749999770855,"action":"IDE_DEACTIVATED"}
{"ts":1749999853796,"action":"IDE_ACTIVATED"}
{"ts":1749999971968,"action":"IDE_DEACTIVATED"}
{"ts":1749999974383,"action":"IDE_ACTIVATED"}
{"ts":1750000884371,"action":"IDE_DEACTIVATED"}
{"ts":1750001089143,"action":"IDE_ACTIVATED"}
{"ts":1750003595366,"action":"IDE_DEACTIVATED"}
{"ts":1750003630730,"action":"IDE_ACTIVATED"}
{"ts":1750003767243,"action":"IDE_DEACTIVATED"}
{"ts":1750003873954,"action":"IDE_ACTIVATED"}
{"ts":1750004577542,"action":"IDE_DEACTIVATED"}
{"ts":1750004621038,"action":"IDE_ACTIVATED"}
{"ts":1750005333686,"action":"IDE_DEACTIVATED"}
{"ts":1750005344351,"action":"IDE_ACTIVATED"}
{"ts":1750005540810,"action":"IDE_DEACTIVATED"}
{"ts":1750005546210,"action":"IDE_ACTIVATED"}
{"ts":1750005828410,"action":"IDE_DEACTIVATED"}
{"ts":1750005831098,"action":"IDE_ACTIVATED"}
{"ts":1750006087605,"action":"IDE_DEACTIVATED"}
{"ts":1750006096710,"action":"IDE_ACTIVATED"}
{"ts":1750006129992,"action":"IDE_DEACTIVATED"}
{"ts":1750098228198,"action":"FILE_OPENED","file":"/src/main/java/de/alex/Server.java","tags":{"FILE_LINE_OF_CODE":"299"}}
{"ts":1750098228866,"action":"PROJECT_OPENED","tags":{"PROJECT_NAME":"DynDNS14"}}
{"ts":1750098418699,"action":"FILE_CLOSED","file":"/src/main/java/de/alex/Server.java","tags":{"FILE_LINE_OF_CODE":"299"}}
{"ts":1750098433122,"action":"FILE_OPENED","file":"/src/main/java/de/alex/Server.java","tags":{"FILE_LINE_OF_CODE":"299"}}
{"ts":1750098524363,"action":"IDE_DEACTIVATED"}
{"ts":1750099737611,"action":"IDE_ACTIVATED"}
{"ts":1750100598890,"action":"IDE_DEACTIVATED"}
{"ts":1750101070271,"action":"IDE_ACTIVATED"}
{"ts":1750101708238,"action":"IDE_DEACTIVATED"}
{"ts":1750101787195,"action":"IDE_ACTIVATED"}
{"ts":1750101878251,"action":"FILE_CLOSED","file":"/src/main/java/de/alex/Server.java","tags":{"FILE_LINE_OF_CODE":"365"}}
{"ts":1750101878251,"action":"FILE_OPENED","file":"/src/main/java/de/alex/Main.java","tags":{"FILE_LINE_OF_CODE":"23"}}
{"ts":1750101962216,"action":"IDE_DEACTIVATED"}
{"ts":1750101963429,"action":"IDE_ACTIVATED"}
{"ts":1750101966630,"action":"IDE_DEACTIVATED"}
{"ts":1750102490792,"action":"IDE_ACTIVATED"}
{"ts":1750102522244,"action":"FILE_CLOSED","file":"/src/main/java/de/alex/Main.java","tags":{"FILE_LINE_OF_CODE":"23"}}
{"ts":1750102522244,"action":"FILE_OPENED","file":"/src/main/java/de/alex/Server.java","tags":{"FILE_LINE_OF_CODE":"365"}}
{"ts":1750102552752,"action":"FILE_CLOSED","file":"/src/main/java/de/alex/Server.java","tags":{"FILE_LINE_OF_CODE":"365"}}
{"ts":1750102552873,"action":"FILE_OPENED","file":"/src/main/java/de/alex/utils/server/ArgumentParser.java","tags":{"FILE_LINE_OF_CODE":"5"}}
{"ts":1750102556494,"action":"FILE_CLOSED","file":"/src/main/java/de/alex/utils/server/ArgumentParser.java","tags":{"FILE_LINE_OF_CODE":"5"}}
{"ts":1750102556494,"action":"FILE_OPENED","file":"/src/main/java/de/alex/Server.java","tags":{"FILE_LINE_OF_CODE":"365"}}
{"ts":1750102562649,"action":"FILE_CLOSED","file":"/src/main/java/de/alex/Server.java","tags":{"FILE_LINE_OF_CODE":"365"}}
{"ts":1750102562649,"action":"FILE_OPENED","file":"/src/main/java/de/alex/utils/server/ArgumentParser.java","tags":{"FILE_LINE_OF_CODE":"5"}}
{"ts":1750102580519,"action":"FILE_CLOSED","file":"/src/main/java/de/alex/utils/server/ArgumentParser.java","tags":{"FILE_LINE_OF_CODE":"17"}}
{"ts":1750102580519,"action":"FILE_OPENED","file":"/src/main/java/de/alex/Server.java","tags":{"FILE_LINE_OF_CODE":"365"}}
{"ts":1750102593769,"action":"FILE_CLOSED","file":"/src/main/java/de/alex/Server.java","tags":{"FILE_LINE_OF_CODE":"365"}}
{"ts":1750102593852,"action":"FILE_OPENED","file":"/src/main/java/de/alex/utils/server/ParsedRequest.java","tags":{"FILE_LINE_OF_CODE":"5"}}
{"ts":1750102597532,"action":"FILE_CLOSED","file":"/src/main/java/de/alex/utils/server/ParsedRequest.java","tags":{"FILE_LINE_OF_CODE":"5"}}
{"ts":1750102597532,"action":"FILE_OPENED","file":"/src/main/java/de/alex/utils/server/ArgumentParser.java","tags":{"FILE_LINE_OF_CODE":"17"}}
{"ts":1750102598807,"action":"FILE_CLOSED","file":"/src/main/java/de/alex/utils/server/ArgumentParser.java","tags":{"FILE_LINE_OF_CODE":"17"}}
{"ts":1750102598807,"action":"FILE_OPENED","file":"/src/main/java/de/alex/Server.java","tags":{"FILE_LINE_OF_CODE":"365"}}
{"ts":1750102607683,"action":"FILE_CLOSED","file":"/src/main/java/de/alex/Server.java","tags":{"FILE_LINE_OF_CODE":"364"}}
{"ts":1750102607683,"action":"FILE_OPENED","file":"/src/main/java/de/alex/utils/server/ParsedRequest.java","tags":{"FILE_LINE_OF_CODE":"5"}}
{"ts":1750102613965,"action":"FILE_CLOSED","file":"/src/main/java/de/alex/utils/server/ParsedRequest.java","tags":{"FILE_LINE_OF_CODE":"7"}}
{"ts":1750102613965,"action":"FILE_OPENED","file":"/src/main/java/de/alex/Server.java","tags":{"FILE_LINE_OF_CODE":"364"}}
{"ts":1750102634977,"action":"FILE_CLOSED","file":"/src/main/java/de/alex/Server.java","tags":{"FILE_LINE_OF_CODE":"364"}}
{"ts":1750102635073,"action":"FILE_OPENED","file":"/src/main/java/de/alex/utils/server/HttpResponse.java","tags":{"FILE_LINE_OF_CODE":"5"}}
{"ts":1750102637276,"action":"FILE_CLOSED","file":"/src/main/java/de/alex/utils/server/HttpResponse.java","tags":{"FILE_LINE_OF_CODE":"5"}}
{"ts":1750102637276,"action":"FILE_OPENED","file":"/src/main/java/de/alex/Server.java","tags":{"FILE_LINE_OF_CODE":"364"}}
{"ts":1750102641205,"action":"FILE_CLOSED","file":"/src/main/java/de/alex/Server.java","tags":{"FILE_LINE_OF_CODE":"364"}}
{"ts":1750102641205,"action":"FILE_OPENED","file":"/src/main/java/de/alex/utils/server/HttpResponse.java","tags":{"FILE_LINE_OF_CODE":"5"}}
{"ts":1750102647217,"action":"FILE_CLOSED","file":"/src/main/java/de/alex/utils/server/HttpResponse.java","tags":{"FILE_LINE_OF_CODE":"25"}}
{"ts":1750102647217,"action":"FILE_OPENED","file":"/src/main/java/de/alex/Server.java","tags":{"FILE_LINE_OF_CODE":"364"}}
{"ts":1750102664528,"action":"FILE_CLOSED","file":"/src/main/java/de/alex/Server.java","tags":{"FILE_LINE_OF_CODE":"364"}}
{"ts":1750102664528,"action":"FILE_OPENED","file":"/src/main/java/de/alex/utils/server/HttpResponse.java","tags":{"FILE_LINE_OF_CODE":"25"}}
{"ts":1750102665411,"action":"FILE_CLOSED","file":"/src/main/java/de/alex/utils/server/HttpResponse.java","tags":{"FILE_LINE_OF_CODE":"25"}}
{"ts":1750102665411,"action":"FILE_OPENED","file":"/src/main/java/de/alex/Server.java","tags":{"FILE_LINE_OF_CODE":"364"}}
{"ts":1750102710360,"action":"FILE_CLOSED","file":"/src/main/java/de/alex/Server.java","tags":{"FILE_LINE_OF_CODE":"341"}}
{"ts":1750102710522,"action":"FILE_OPENED","file":"/src/main/java/de/alex/utils/server/ContentType.java","tags":{"FILE_LINE_OF_CODE":"5"}}
{"ts":1750102713209,"action":"FILE_CLOSED","file":"/src/main/java/de/alex/utils/server/ContentType.java","tags":{"FILE_LINE_OF_CODE":"5"}}
{"ts":1750102713209,"action":"FILE_OPENED","file":"/src/main/java/de/alex/Server.java","tags":{"FILE_LINE_OF_CODE":"341"}}
{"ts":1750102716537,"action":"FILE_CLOSED","file":"/src/main/java/de/alex/Server.java","tags":{"FILE_LINE_OF_CODE":"341"}}
{"ts":1750102716537,"action":"FILE_OPENED","file":"/src/main/java/de/alex/utils/server/ContentType.java","tags":{"FILE_LINE_OF_CODE":"5"}}
{"ts":1750102720175,"action":"FILE_CLOSED","file":"/src/main/java/de/alex/utils/server/ContentType.java","tags":{"FILE_LINE_OF_CODE":"16"}}
{"ts":1750102720175,"action":"FILE_OPENED","file":"/src/main/java/de/alex/Server.java","tags":{"FILE_LINE_OF_CODE":"341"}}
{"ts":1750102761276,"action":"FILE_CLOSED","file":"/src/main/java/de/alex/Server.java","tags":{"FILE_LINE_OF_CODE":"306"}}
{"ts":1750102761371,"action":"FILE_OPENED","file":"/src/main/java/de/alex/utils/server/Status.java","tags":{"FILE_LINE_OF_CODE":"5"}}
{"ts":1750102772470,"action":"FILE_CLOSED","file":"/src/main/java/de/alex/utils/server/Status.java","tags":{"FILE_LINE_OF_CODE":"25"}}
{"ts":1750102772470,"action":"FILE_OPENED","file":"/src/main/java/de/alex/Server.java","tags":{"FILE_LINE_OF_CODE":"306"}}
{"ts":1750102785435,"action":"FILE_CLOSED","file":"/src/main/java/de/alex/Server.java","tags":{"FILE_LINE_OF_CODE":"306"}}
{"ts":1750102785435,"action":"FILE_OPENED","file":"/src/main/java/de/alex/utils/server/HttpResponse.java","tags":{"FILE_LINE_OF_CODE":"25"}}
{"ts":1750102792823,"action":"FILE_CLOSED","file":"/src/main/java/de/alex/utils/server/HttpResponse.java","tags":{"FILE_LINE_OF_CODE":"25"}}
{"ts":1750102792823,"action":"FILE_OPENED","file":"/src/main/java/de/alex/utils/server/Status.java","tags":{"FILE_LINE_OF_CODE":"25"}}
{"ts":1750102798034,"action":"FILE_CLOSED","file":"/src/main/java/de/alex/utils/server/Status.java","tags":{"FILE_LINE_OF_CODE":"25"}}
{"ts":1750102798073,"action":"FILE_OPENED","file":"/src/main/java/de/alex/utils/server/ParsedRequest.java","tags":{"FILE_LINE_OF_CODE":"7"}}
{"ts":1750102806722,"action":"FILE_CLOSED","file":"/src/main/java/de/alex/utils/server/ParsedRequest.java","tags":{"FILE_LINE_OF_CODE":"7"}}
{"ts":1750102806722,"action":"FILE_OPENED","file":"/src/main/java/de/alex/utils/server/HttpResponse.java","tags":{"FILE_LINE_OF_CODE":"25"}}
{"ts":1750102808048,"action":"FILE_CLOSED","file":"/src/main/java/de/alex/utils/server/HttpResponse.java","tags":{"FILE_LINE_OF_CODE":"25"}}
{"ts":1750102808048,"action":"FILE_OPENED","file":"/src/main/java/de/alex/utils/server/ContentType.java","tags":{"FILE_LINE_OF_CODE":"16"}}
{"ts":1750102815199,"action":"FILE_CLOSED","file":"/src/main/java/de/alex/utils/server/ContentType.java","tags":{"FILE_LINE_OF_CODE":"16"}}
{"ts":1750102815199,"action":"FILE_OPENED","file":"/src/main/java/de/alex/utils/server/ArgumentParser.java","tags":{"FILE_LINE_OF_CODE":"17"}}
{"ts":1750102821764,"action":"FILE_CLOSED","file":"/src/main/java/de/alex/utils/server/ArgumentParser.java","tags":{"FILE_LINE_OF_CODE":"17"}}
{"ts":1750102821764,"action":"FILE_OPENED","file":"/src/main/java/de/alex/utils/server/ContentType.java","tags":{"FILE_LINE_OF_CODE":"16"}}
{"ts":1750102823519,"action":"FILE_CLOSED","file":"/src/main/java/de/alex/utils/server/ContentType.java","tags":{"FILE_LINE_OF_CODE":"16"}}
{"ts":1750102823520,"action":"FILE_OPENED","file":"/src/main/java/de/alex/utils/server/HttpResponse.java","tags":{"FILE_LINE_OF_CODE":"25"}}
{"ts":1750102896140,"action":"FILE_CLOSED","file":"/src/main/java/de/alex/utils/server/HttpResponse.java","tags":{"FILE_LINE_OF_CODE":"23"}}
{"ts":1750102896140,"action":"FILE_OPENED","file":"/src/main/java/de/alex/utils/server/ContentType.java","tags":{"FILE_LINE_OF_CODE":"16"}}
{"ts":1750102897859,"action":"FILE_CLOSED","file":"/src/main/java/de/alex/utils/server/ContentType.java","tags":{"FILE_LINE_OF_CODE":"16"}}
{"ts":1750102897859,"action":"FILE_OPENED","file":"/src/main/java/de/alex/utils/server/ParsedRequest.java","tags":{"FILE_LINE_OF_CODE":"7"}}
{"ts":1750102899786,"action":"FILE_CLOSED","file":"/src/main/java/de/alex/utils/server/ParsedRequest.java","tags":{"FILE_LINE_OF_CODE":"7"}}
{"ts":1750102899786,"action":"FILE_OPENED","file":"/src/main/java/de/alex/utils/CloudflareUtils.java","tags":{"FILE_LINE_OF_CODE":"236"}}
{"ts":1750102900717,"action":"FILE_CLOSED","file":"/src/main/java/de/alex/utils/CloudflareUtils.java","tags":{"FILE_LINE_OF_CODE":"236"}}
{"ts":1750102900717,"action":"FILE_OPENED","file":"/src/main/java/de/alex/utils/server/Status.java","tags":{"FILE_LINE_OF_CODE":"25"}}
{"ts":1750102902529,"action":"FILE_CLOSED","file":"/src/main/java/de/alex/utils/server/Status.java","tags":{"FILE_LINE_OF_CODE":"25"}}
{"ts":1750102902529,"action":"FILE_OPENED","file":"/src/main/java/de/alex/utils/CloudflareUtils.java","tags":{"FILE_LINE_OF_CODE":"236"}}
{"ts":1750102907090,"action":"FILE_CLOSED","file":"/src/main/java/de/alex/utils/CloudflareUtils.java","tags":{"FILE_LINE_OF_CODE":"236"}}
{"ts":1750102907090,"action":"FILE_OPENED","file":"/src/main/java/de/alex/utils/LoggerFormatter.java","tags":{"FILE_LINE_OF_CODE":"43"}}
{"ts":1750102907110,"action":"FILE_CLOSED","file":"/src/main/java/de/alex/utils/LoggerFormatter.java","tags":{"FILE_LINE_OF_CODE":"43"}}
{"ts":1750102910070,"action":"FILE_OPENED","file":"/src/main/java/de/alex/Server.java","tags":{"FILE_LINE_OF_CODE":"306"}}
{"ts":1750102957402,"action":"FILE_CLOSED","file":"/src/main/java/de/alex/Server.java","tags":{"FILE_LINE_OF_CODE":"296"}}
{"ts":1750102957437,"action":"FILE_OPENED","file":"/src/main/java/de/alex/utils/server/ArgumentParser.java","tags":{"FILE_LINE_OF_CODE":"17"}}
{"ts":1750102973399,"action":"FILE_CLOSED","file":"/src/main/java/de/alex/utils/server/ArgumentParser.java","tags":{"FILE_LINE_OF_CODE":"25"}}
{"ts":1750102973399,"action":"FILE_OPENED","file":"/src/main/java/de/alex/Server.java","tags":{"FILE_LINE_OF_CODE":"296"}}
{"ts":1750102999882,"action":"FILE_CLOSED","file":"/src/main/java/de/alex/Server.java","tags":{"FILE_LINE_OF_CODE":"296"}}
{"ts":1750102999920,"action":"FILE_OPENED","file":"/src/main/java/de/alex/utils/server/ArgumentParser.java","tags":{"FILE_LINE_OF_CODE":"25"}}
{"ts":1750103007447,"action":"FILE_CLOSED","file":"/src/main/java/de/alex/utils/server/ArgumentParser.java","tags":{"FILE_LINE_OF_CODE":"25"}}
{"ts":1750103007447,"action":"FILE_OPENED","file":"/src/main/java/de/alex/Server.java","tags":{"FILE_LINE_OF_CODE":"296"}}
{"ts":1750103037102,"action":"FILE_CLOSED","file":"/src/main/java/de/alex/Server.java","tags":{"FILE_LINE_OF_CODE":"286"}}
{"ts":1750103037174,"action":"FILE_OPENED","file":"/src/main/java/de/alex/utils/server/parser/BooleanParser.java","tags":{"FILE_LINE_OF_CODE":"5"}}
{"ts":1750103046972,"action":"FILE_CLOSED","file":"/src/main/java/de/alex/utils/server/parser/BooleanParser.java","tags":{"FILE_LINE_OF_CODE":"17"}}
{"ts":1750103046972,"action":"FILE_OPENED","file":"/src/main/java/de/alex/Server.java","tags":{"FILE_LINE_OF_CODE":"286"}}
{"ts":1750103056277,"action":"FILE_CLOSED","file":"/src/main/java/de/alex/Server.java","tags":{"FILE_LINE_OF_CODE":"287"}}
{"ts":1750103056277,"action":"FILE_OPENED","file":"/src/main/java/de/alex/utils/server/parser/BooleanParser.java","tags":{"FILE_LINE_OF_CODE":"17"}}
{"ts":1750103065633,"action":"FILE_CLOSED","file":"/src/main/java/de/alex/utils/server/parser/BooleanParser.java","tags":{"FILE_LINE_OF_CODE":"17"}}
{"ts":1750103065633,"action":"FILE_OPENED","file":"/src/main/java/de/alex/Server.java","tags":{"FILE_LINE_OF_CODE":"287"}}
{"ts":1750103081061,"action":"FILE_CLOSED","file":"/src/main/java/de/alex/Server.java","tags":{"FILE_LINE_OF_CODE":"271"}}
{"ts":1750103081104,"action":"FILE_OPENED","file":"/src/main/java/de/alex/utils/server/parser/StringParser.java","tags":{"FILE_LINE_OF_CODE":"5"}}
{"ts":1750103091525,"action":"FILE_CLOSED","file":"/src/main/java/de/alex/utils/server/parser/StringParser.java","tags":{"FILE_LINE_OF_CODE":"17"}}
{"ts":1750103091525,"action":"FILE_OPENED","file":"/src/main/java/de/alex/Server.java","tags":{"FILE_LINE_OF_CODE":"271"}}
{"ts":1750103098474,"action":"FILE_CLOSED","file":"/src/main/java/de/alex/Server.java","tags":{"FILE_LINE_OF_CODE":"272"}}
{"ts":1750103098518,"action":"FILE_OPENED","file":"/src/main/java/de/alex/utils/server/parser/StringParser.java","tags":{"FILE_LINE_OF_CODE":"17"}}
{"ts":1750103100776,"action":"FILE_CLOSED","file":"/src/main/java/de/alex/utils/server/parser/StringParser.java","tags":{"FILE_LINE_OF_CODE":"17"}}
{"ts":1750103100776,"action":"FILE_OPENED","file":"/src/main/java/de/alex/Server.java","tags":{"FILE_LINE_OF_CODE":"272"}}
{"ts":1750103134001,"action":"FILE_CLOSED","file":"/src/main/java/de/alex/Server.java","tags":{"FILE_LINE_OF_CODE":"244"}}
{"ts":1750103134066,"action":"FILE_OPENED","file":"/src/main/java/de/alex/utils/server/IncomingRequest.java","tags":{"FILE_LINE_OF_CODE":"5"}}
{"ts":1750103144734,"action":"FILE_CLOSED","file":"/src/main/java/de/alex/utils/server/IncomingRequest.java","tags":{"FILE_LINE_OF_CODE":"33"}}
{"ts":1750103144734,"action":"FILE_OPENED","file":"/src/main/java/de/alex/Server.java","tags":{"FILE_LINE_OF_CODE":"244"}}
{"ts":1750103200920,"action":"FILE_CLOSED","file":"/src/main/java/de/alex/Server.java","tags":{"FILE_LINE_OF_CODE":"221"}}
{"ts":1750103201022,"action":"FILE_OPENED","file":"/src/main/java/de/alex/utils/server/Route.java","tags":{"FILE_LINE_OF_CODE":"5"}}
{"ts":1750103213035,"action":"FILE_CLOSED","file":"/src/main/java/de/alex/utils/server/Route.java","tags":{"FILE_LINE_OF_CODE":"28"}}
{"ts":1750103213035,"action":"FILE_OPENED","file":"/src/main/java/de/alex/Server.java","tags":{"FILE_LINE_OF_CODE":"221"}}
{"ts":1750103265707,"action":"FILE_CLOSED","file":"/src/main/java/de/alex/Server.java","tags":{"FILE_LINE_OF_CODE":"216"}}
{"ts":1750103265742,"action":"FILE_OPENED","file":"/src/main/java/de/alex/utils/server/parser/StringParser.java","tags":{"FILE_LINE_OF_CODE":"17"}}
{"ts":1750103296013,"action":"IDE_DEACTIVATED"}
{"ts":1750103302552,"action":"IDE_ACTIVATED"}
{"ts":1750103470538,"action":"FILE_CLOSED","file":"/src/main/java/de/alex/utils/server/parser/StringParser.java","tags":{"FILE_LINE_OF_CODE":"22"}}
{"ts":1750103470598,"action":"FILE_OPENED","file":"/src/main/java/de/alex/utils/server/parser/StringParserBuilder.java","tags":{"FILE_LINE_OF_CODE":"22"}}
{"ts":1750103476526,"action":"FILE_OPENED","file":"/src/main/java/de/alex/utils/server/parser/StringParser.java","tags":{"FILE_LINE_OF_CODE":"22"}}
{"ts":1750104120476,"action":"FILE_CLOSED","file":"/src/main/java/de/alex/utils/server/parser/StringParser.java","tags":{"FILE_LINE_OF_CODE":"60"}}
{"ts":1750104120527,"action":"FILE_OPENED","file":"/src/main/java/de/alex/utils/server/ArgumentParser.java","tags":{"FILE_LINE_OF_CODE":"25"}}
{"ts":1750104209874,"action":"FILE_CLOSED","file":"/src/main/java/de/alex/utils/server/ArgumentParser.java","tags":{"FILE_LINE_OF_CODE":"31"}}
{"ts":1750104209874,"action":"FILE_OPENED","file":"/src/main/java/de/alex/utils/server/parser/StringParser.java","tags":{"FILE_LINE_OF_CODE":"60"}}
{"ts":1750104398078,"action":"IDE_DEACTIVATED"}
{"ts":1750104427290,"action":"IDE_ACTIVATED"}
{"ts":1750104445534,"action":"IDE_DEACTIVATED"}
{"ts":1750104642722,"action":"IDE_ACTIVATED"}
{"ts":1750104827605,"action":"IDE_DEACTIVATED"}
{"ts":1750104829642,"action":"IDE_ACTIVATED"}
{"ts":1750104884455,"action":"IDE_DEACTIVATED"}
{"ts":1750105688195,"action":"IDE_ACTIVATED"}
{"ts":1750105797065,"action":"FILE_CLOSED","file":"/src/main/java/de/alex/utils/server/parser/StringParser.java","tags":{"FILE_LINE_OF_CODE":"78"}}
{"ts":1750105797065,"action":"FILE_OPENED","file":"/src/main/java/de/alex/Server.java","tags":{"FILE_LINE_OF_CODE":"216"}}
{"ts":1750106025844,"action":"FILE_CLOSED","file":"/src/main/java/de/alex/Server.java","tags":{"FILE_LINE_OF_CODE":"216"}}
{"ts":1750106025889,"action":"FILE_OPENED","file":"/src/main/java/de/alex/utils/server/parser/BooleanParser.java","tags":{"FILE_LINE_OF_CODE":"17"}}
{"ts":1750106147304,"action":"FILE_CLOSED","file":"/src/main/java/de/alex/utils/server/parser/BooleanParser.java","tags":{"FILE_LINE_OF_CODE":"24"}}
{"ts":1750106147365,"action":"FILE_OPENED","file":"/src/main/java/de/alex/utils/server/parser/BooleanParserBuilder.java","tags":{"FILE_LINE_OF_CODE":"28"}}
{"ts":1750106156485,"action":"FILE_CLOSED","file":"/src/main/java/de/alex/utils/server/parser/BooleanParserBuilder.java","tags":{"FILE_LINE_OF_CODE":"28"}}
{"ts":1750106156485,"action":"FILE_OPENED","file":"/src/main/java/de/alex/utils/server/parser/BooleanParser.java","tags":{"FILE_LINE_OF_CODE":"24"}}
{"ts":1750106159623,"action":"FILE_CLOSED","file":"/src/main/java/de/alex/utils/server/parser/BooleanParser.java","tags":{"FILE_LINE_OF_CODE":"24"}}
{"ts":1750106159623,"action":"FILE_OPENED","file":"/src/main/java/de/alex/utils/server/parser/StringParser.java","tags":{"FILE_LINE_OF_CODE":"78"}}
{"ts":1750106176746,"action":"FILE_CLOSED","file":"/src/main/java/de/alex/utils/server/parser/StringParser.java","tags":{"FILE_LINE_OF_CODE":"39"}}
{"ts":1750106176838,"action":"FILE_OPENED","file":"/src/main/java/de/alex/utils/server/parser/StringParserBuilder.java","tags":{"FILE_LINE_OF_CODE":"5"}}
{"ts":1750106187438,"action":"FILE_CLOSED","file":"/src/main/java/de/alex/utils/server/parser/StringParserBuilder.java","tags":{"FILE_LINE_OF_CODE":"40"}}
{"ts":1750106187438,"action":"FILE_OPENED","file":"/src/main/java/de/alex/Server.java","tags":{"FILE_LINE_OF_CODE":"216"}}
{"ts":1750106286549,"action":"IDE_DEACTIVATED"}
{"ts":1750106459325,"action":"IDE_ACTIVATED"}
{"ts":1750106502468,"action":"IDE_DEACTIVATED"}
{"ts":1750106515977,"action":"IDE_ACTIVATED"}
{"ts":1750106556081,"action":"IDE_DEACTIVATED"}
{"ts":1750106568486,"action":"IDE_ACTIVATED"}
{"ts":1750106568721,"action":"FILE_CLOSED","file":"/src/main/java/de/alex/Server.java","tags":{"FILE_LINE_OF_CODE":"218"}}
{"ts":1750106568721,"action":"FILE_OPENED","file":"/src/main/java/de/alex/utils/server/parser/StringParser.java","tags":{"FILE_LINE_OF_CODE":"39"}}
{"ts":1750106604732,"action":"IDE_DEACTIVATED"}
{"ts":1750106610221,"action":"IDE_ACTIVATED"}
{"ts":1750106625843,"action":"IDE_DEACTIVATED"}
{"ts":1750106981906,"action":"IDE_ACTIVATED"}
{"ts":1750106983678,"action":"FILE_CLOSED","file":"/src/main/java/de/alex/utils/server/parser/StringParser.java","tags":{"FILE_LINE_OF_CODE":"39"}}
{"ts":1750106983678,"action":"FILE_OPENED","file":"/src/main/java/de/alex/Server.java","tags":{"FILE_LINE_OF_CODE":"218"}}
{"ts":1750106998560,"action":"FILE_CLOSED","file":"/src/main/java/de/alex/Server.java","tags":{"FILE_LINE_OF_CODE":"166"}}
{"ts":1750106998598,"action":"FILE_OPENED","file":"/src/main/java/de/alex/Main.java","tags":{"FILE_LINE_OF_CODE":"23"}}
{"ts":1750107035920,"action":"FILE_CLOSED","file":"/src/main/java/de/alex/Main.java","tags":{"FILE_LINE_OF_CODE":"83"}}
{"ts":1750107035920,"action":"FILE_OPENED","file":"/src/main/java/de/alex/Server.java","tags":{"FILE_LINE_OF_CODE":"166"}}
{"ts":1750107040143,"action":"FILE_CLOSED","file":"/src/main/java/de/alex/Server.java","tags":{"FILE_LINE_OF_CODE":"165"}}
{"ts":1750107040143,"action":"FILE_OPENED","file":"/src/main/java/de/alex/Main.java","tags":{"FILE_LINE_OF_CODE":"83"}}
{"ts":1750107174763,"action":"FILE_CLOSED","file":"/src/main/java/de/alex/Main.java","tags":{"FILE_LINE_OF_CODE":"78"}}
{"ts":1750107174763,"action":"FILE_OPENED","file":"/src/main/java/de/alex/Server.java","tags":{"FILE_LINE_OF_CODE":"165"}}
{"ts":1750107182827,"action":"IDE_DEACTIVATED"}
{"ts":1750107576544,"action":"IDE_ACTIVATED"}
{"ts":1750107579046,"action":"IDE_DEACTIVATED"}
{"ts":1750107581020,"action":"IDE_ACTIVATED"}
{"ts":1750107582477,"action":"IDE_DEACTIVATED"}
{"ts":1750107585223,"action":"IDE_ACTIVATED"}
{"ts":1750107594112,"action":"PROJECT_CLOSED","tags":{"PROJECT_NAME":"DynDNS14"}}
{"ts":1750174911514,"action":"IDE_DEACTIVATED"}
{"ts":1750174913978,"action":"FILE_OPENED","file":"/src/main/java/de/alex/Server.java","tags":{"FILE_LINE_OF_CODE":"165"}}
{"ts":1750174914291,"action":"PROJECT_OPENED","tags":{"PROJECT_NAME":"DynDNS14"}}
{"ts":1750174993209,"action":"IDE_ACTIVATED"}
{"ts":1750175050638,"action":"IDE_DEACTIVATED"}
{"ts":1750175169392,"action":"IDE_ACTIVATED"}
{"ts":1750175169805,"action":"FILE_CLOSED","file":"/src/main/java/de/alex/Server.java","tags":{"FILE_LINE_OF_CODE":"165"}}
{"ts":1750175169806,"action":"FILE_OPENED","file":"/src/main/java/de/alex/utils/server/parser/BooleanParserBuilder.java","tags":{"FILE_LINE_OF_CODE":"28"}}
{"ts":1750175313941,"action":"FILE_CLOSED","file":"/src/main/java/de/alex/utils/server/parser/BooleanParserBuilder.java","tags":{"FILE_LINE_OF_CODE":"24"}}
{"ts":1750175313941,"action":"FILE_OPENED","file":"/src/main/java/de/alex/utils/server/parser/StringParserBuilder.java","tags":{"FILE_LINE_OF_CODE":"40"}}
{"ts":1750175346771,"action":"FILE_CLOSED","file":"/src/main/java/de/alex/utils/server/parser/StringParserBuilder.java","tags":{"FILE_LINE_OF_CODE":"36"}}
{"ts":1750175346771,"action":"FILE_OPENED","file":"/src/main/java/de/alex/utils/server/parser/StringParser.java","tags":{"FILE_LINE_OF_CODE":"39"}}
{"ts":1750175355476,"action":"FILE_CLOSED","file":"/src/main/java/de/alex/utils/server/parser/StringParser.java","tags":{"FILE_LINE_OF_CODE":"39"}}
{"ts":1750175355476,"action":"FILE_OPENED","file":"/src/main/java/de/alex/Server.java","tags":{"FILE_LINE_OF_CODE":"165"}}
{"ts":1750175357735,"action":"FILE_CLOSED","file":"/src/main/java/de/alex/Server.java","tags":{"FILE_LINE_OF_CODE":"165"}}
{"ts":1750175357735,"action":"FILE_OPENED","file":"/src/main/java/de/alex/Main.java","tags":{"FILE_LINE_OF_CODE":"78"}}
{"ts":1750175540255,"action":"IDE_DEACTIVATED"}
{"ts":1750175546979,"action":"IDE_ACTIVATED"}
{"ts":1750175711544,"action":"IDE_DEACTIVATED"}
{"ts":1750175842923,"action":"IDE_ACTIVATED"}
{"ts":1750175987986,"action":"IDE_DEACTIVATED"}
{"ts":1750176977468,"action":"IDE_ACTIVATED"}
{"ts":1750177292623,"action":"IDE_DEACTIVATED"}
{"ts":1750177311293,"action":"IDE_ACTIVATED"}
{"ts":1750177434909,"action":"FILE_CLOSED","file":"/src/main/java/de/alex/Main.java","tags":{"FILE_LINE_OF_CODE":"78"}}
{"ts":1750177434909,"action":"FILE_OPENED","file":"/src/main/java/de/alex/Server.java","tags":{"FILE_LINE_OF_CODE":"165"}}
{"ts":1750178028909,"action":"FILE_CLOSED","file":"/src/main/java/de/alex/Server.java","tags":{"FILE_LINE_OF_CODE":"165"}}
{"ts":1750178028909,"action":"FILE_OPENED","file":"/src/main/java/de/alex/Main.java","tags":{"FILE_LINE_OF_CODE":"78"}}
{"ts":1750178080603,"action":"IDE_DEACTIVATED"}
{"ts":1750178117741,"action":"IDE_ACTIVATED"}
{"ts":1750178132395,"action":"FILE_CLOSED","file":"/src/main/java/de/alex/Main.java","tags":{"FILE_LINE_OF_CODE":"78"}}
{"ts":1750178137145,"action":"FILE_OPENED","file":"/src/main/java/de/alex/Main.java","tags":{"FILE_LINE_OF_CODE":"78"}}
{"ts":1750178161586,"action":"IDE_DEACTIVATED"}
{"ts":1750178642471,"action":"IDE_ACTIVATED"}
{"ts":1750178765103,"action":"IDE_DEACTIVATED"}
{"ts":1750178794864,"action":"IDE_ACTIVATED"}
{"ts":1750178797737,"action":"PROJECT_CLOSED","tags":{"PROJECT_NAME":"DynDNS14"}}
{"ts":1760780699275,"action":"FILE_OPENED","file":"/src/main/java/de/alex/Main.java","tags":{"FILE_LINE_OF_CODE":"78"}}
{"ts":1760780699930,"action":"PROJECT_OPENED","tags":{"PROJECT_NAME":"DynDNS14"}}
{"ts":1760780952853,"action":"PROJECT_CLOSED","tags":{"PROJECT_NAME":"DynDNS14"}}
